<?xml version="1.0" encoding="UTF-8"?>
<!-- Generated by org.testng.reporters.JUnitXMLReporter -->
<testsuite ignored="2" hostname="Ajinkya" failures="4" tests="4" name="Test" time="0.222" errors="0" timestamp="2024-10-14T17:12:28 IST">
  <testcase classname="testClasses.VerifyYourOrderPage" name="verifyYourOrderPage" time="0.023">
    <failure type="java.lang.NullPointerException" message="Cannot invoke &amp;quot;amazonPom_pages.HomePage.clickOnYourOrder()&amp;quot; because &amp;quot;this.homePage&amp;quot; is null">
      <![CDATA[java.lang.NullPointerException: Cannot invoke "amazonPom_pages.HomePage.clickOnYourOrder()" because "this.homePage" is null
at testClasses.VerifyYourOrderPage.verifyYourOrderPage(VerifyYourOrderPage.java:87)
at java.base/java.util.ArrayList.forEach(ArrayList.java:1511)
... Removed 27 stack frames]]>
    </failure>
  </testcase> <!-- verifyYourOrderPage -->
  <testcase classname="testClasses.VerifyYourOrderPage" name="vefiryYourOrderUrl" time="0.002">
    <failure type="java.lang.NullPointerException" message="Cannot invoke &amp;quot;amazonPom_pages.HomePage.clickOnYourOrder()&amp;quot; because &amp;quot;this.homePage&amp;quot; is null">
      <![CDATA[java.lang.NullPointerException: Cannot invoke "amazonPom_pages.HomePage.clickOnYourOrder()" because "this.homePage" is null
at testClasses.VerifyYourOrderPage.vefiryYourOrderUrl(VerifyYourOrderPage.java:113)
at java.base/java.util.ArrayList.forEach(ArrayList.java:1511)
... Removed 27 stack frames]]>
    </failure>
  </testcase> <!-- vefiryYourOrderUrl -->
  <testcase classname="testClasses.VerifyLoginPage" name="verifyLoginWithValidInput" time="0.003">
    <failure type="java.lang.NullPointerException" message="Cannot invoke &amp;quot;amazonPom_pages.HomePage.clickOnSignInButton()&amp;quot; because &amp;quot;this.homePage&amp;quot; is null">
      <![CDATA[java.lang.NullPointerException: Cannot invoke "amazonPom_pages.HomePage.clickOnSignInButton()" because "this.homePage" is null
at testClasses.VerifyLoginPage.verifyLoginWithValidInput(VerifyLoginPage.java:71)
at java.base/java.util.ArrayList.forEach(ArrayList.java:1511)
... Removed 27 stack frames]]>
    </failure>
  </testcase> <!-- verifyLoginWithValidInput -->
  <testcase classname="testClasses.TestAddToCartFunctionality" name="verifyAddToCart" time="0.003">
    <failure type="java.lang.NullPointerException" message="Cannot invoke &amp;quot;amazonPom_pages.HomePage.enterProductName(String)&amp;quot; because &amp;quot;this.homePage&amp;quot; is null">
      <![CDATA[java.lang.NullPointerException: Cannot invoke "amazonPom_pages.HomePage.enterProductName(String)" because "this.homePage" is null
at testClasses.TestAddToCartFunctionality.verifyAddToCart(TestAddToCartFunctionality.java:99)
at java.base/java.util.ArrayList.forEach(ArrayList.java:1511)
... Removed 27 stack frames]]>
    </failure>
  </testcase> <!-- verifyAddToCart -->
  <testcase classname="testClasses.VerifyLoginPage" name="vefiryWithInvalidLogin" time="0.0">
    <ignored/>
  </testcase> <!-- vefiryWithInvalidLogin -->
  <testcase classname="testClasses.TestAddToCartFunctionality" name="verifyAddToCartMobile" time="0.0">
    <ignored/>
  </testcase> <!-- verifyAddToCartMobile -->
</testsuite> <!-- Test -->
