<?xml version="1.0" encoding="UTF-8"?>
<!-- Generated by org.testng.reporters.JUnitXMLReporter -->
<testsuite ignored="0" hostname="Ajinkya" failures="0" tests="4" name="FirefoxTest" time="362.003" errors="0" timestamp="2024-10-11T11:34:58 IST">
  <testcase classname="testClasses.VerifyLoginPage" name="verifyLoginWithValidInput" time="0.0">
    <skipped/>
  </testcase> <!-- verifyLoginWithValidInput -->
  <testcase classname="testClasses.VerifyYourOrderPage" name="verifyYourOrderPage" time="0.0">
    <skipped/>
  </testcase> <!-- verifyYourOrderPage -->
  <testcase classname="testClasses.VerifyLoginPage" name="vefiryWithInvalidLogin" time="0.0">
    <skipped/>
  </testcase> <!-- vefiryWithInvalidLogin -->
  <testcase classname="testClasses.VerifyYourOrderPage" name="vefiryYourOrderUrl" time="0.0">
    <skipped/>
  </testcase> <!-- vefiryYourOrderUrl -->
</testsuite> <!-- FirefoxTest -->
