<?xml version="1.0" encoding="UTF-8"?>
<!-- Generated by org.testng.reporters.JUnitXMLReporter -->
<testsuite ignored="1" hostname="Ajinkya" failures="0" tests="1" name="Test(failed)" time="56.154" errors="0" timestamp="2024-10-13T16:33:44 IST">
  <testcase classname="testClasses.VerifyYourOrderPage" name="verifyYourOrderPage" time="3.19"/>
  <testcase classname="testClasses.VerifyYourOrderPage" name="vefiryYourOrderUrl" time="0.0">
    <ignored/>
  </testcase> <!-- vefiryYourOrderUrl -->
</testsuite> <!-- Test(failed) -->
